<?xml version="1.0" encoding="UTF-8"?>
<!-- Generated by org.testng.reporters.JUnitXMLReporter -->
<testsuite ignored="0" hostname="HP" failures="0" tests="14" name="Surefire test" time="29.318" errors="0" timestamp="2024-08-18T11:59:13 IST">
  <testcase classname="api.test.DDTests" name="testPostUser" time="5.945"/>
  <testcase classname="api.test.DDTests" name="testPostUser" time="1.48"/>
  <testcase classname="api.test.DDTests" name="testPostUser" time="1.329"/>
  <testcase classname="api.test.DDTests" name="testPostUser" time="1.43"/>
  <testcase classname="api.test.DDTests" name="testPostUser" time="1.536"/>
  <testcase classname="api.test.DDTests" name="testDeleteUserByName" time="1.431"/>
  <testcase classname="api.test.DDTests" name="testDeleteUserByName" time="1.532"/>
  <testcase classname="api.test.DDTests" name="testDeleteUserByName" time="1.126"/>
  <testcase classname="api.test.DDTests" name="testDeleteUserByName" time="1.431"/>
  <testcase classname="api.test.DDTests" name="testDeleteUserByName" time="2.662"/>
  <testcase classname="api.test.UserTest" name="testCreateUser" time="1.536"/>
  <testcase classname="api.test.UserTest" name="testGetUser" time="1.468"/>
  <testcase classname="api.test.UserTest" name="testUpdateUser" time="2.558"/>
  <testcase classname="api.test.UserTest" name="testDeleteUser" time="1.533"/>
</testsuite> <!-- Surefire test -->
