<?xml version="1.0" encoding="UTF-8"?>
<testng-results ignored="0" total="14" passed="14" failed="0" skipped="0">
  <reporter-output>
  </reporter-output>
  <suite started-at="2024-08-18T15:58:47 IST" name="PetSuite" finished-at="2024-08-18T15:59:16 IST" duration-ms="28198">
    <groups>
    </groups>
    <test started-at="2024-08-18T15:58:47 IST" name="PetTest" finished-at="2024-08-18T15:59:16 IST" duration-ms="28198">
      <class name="api.test.UserTest">
        <test-method is-config="true" signature="setup()[pri:0, instance:api.test.UserTest@5af3afd9]" started-at="2024-08-18T15:58:48 IST" name="setup" finished-at="2024-08-18T15:58:48 IST" duration-ms="681" status="PASS">
          <reporter-output>
          </reporter-output>
        </test-method> <!-- setup -->
        <test-method signature="testCreateUser()[pri:1, instance:api.test.UserTest@5af3afd9]" started-at="2024-08-18T15:58:48 IST" name="testCreateUser" finished-at="2024-08-18T15:58:51 IST" duration-ms="3172" status="PASS">
          <reporter-output>
          </reporter-output>
        </test-method> <!-- testCreateUser -->
        <test-method signature="testGetUser()[pri:2, instance:api.test.UserTest@5af3afd9]" started-at="2024-08-18T15:58:51 IST" name="testGetUser" finished-at="2024-08-18T15:58:53 IST" duration-ms="1319" status="PASS">
          <reporter-output>
          </reporter-output>
        </test-method> <!-- testGetUser -->
        <test-method signature="testUpdateUser()[pri:3, instance:api.test.UserTest@5af3afd9]" started-at="2024-08-18T15:58:53 IST" name="testUpdateUser" finished-at="2024-08-18T15:58:56 IST" duration-ms="2881" status="PASS">
          <reporter-output>
          </reporter-output>
        </test-method> <!-- testUpdateUser -->
        <test-method signature="testDeleteUser()[pri:4, instance:api.test.UserTest@5af3afd9]" started-at="2024-08-18T15:58:56 IST" name="testDeleteUser" finished-at="2024-08-18T15:58:57 IST" duration-ms="1308" status="PASS">
          <reporter-output>
          </reporter-output>
        </test-method> <!-- testDeleteUser -->
      </class> <!-- api.test.UserTest -->
      <class name="api.test.DDTests">
        <test-method signature="testPostUser(java.lang.String,java.lang.String,java.lang.String,java.lang.String,java.lang.String,java.lang.String,java.lang.String)[pri:1, instance:api.test.DDTests@5ffead27]" started-at="2024-08-18T15:59:00 IST" name="testPostUser" data-provider="Data" finished-at="2024-08-18T15:59:02 IST" duration-ms="1335" status="PASS">
          <params>
            <param index="0">
              <value>
                <![CDATA[1010]]>
              </value>
            </param>
            <param index="1">
              <value>
                <![CDATA[testuser1]]>
              </value>
            </param>
            <param index="2">
              <value>
                <![CDATA[john]]>
              </value>
            </param>
            <param index="3">
              <value>
                <![CDATA[sena]]>
              </value>
            </param>
            <param index="4">
              <value>
                <![CDATA[john.sena@gmail.com]]>
              </value>
            </param>
            <param index="5">
              <value>
                <![CDATA[John@123]]>
              </value>
            </param>
            <param index="6">
              <value>
                <![CDATA[88786887]]>
              </value>
            </param>
          </params>
          <reporter-output>
          </reporter-output>
        </test-method> <!-- testPostUser -->
        <test-method signature="testPostUser(java.lang.String,java.lang.String,java.lang.String,java.lang.String,java.lang.String,java.lang.String,java.lang.String)[pri:1, instance:api.test.DDTests@5ffead27]" started-at="2024-08-18T15:59:02 IST" name="testPostUser" data-provider="Data" finished-at="2024-08-18T15:59:03 IST" duration-ms="1514" status="PASS">
          <params>
            <param index="0">
              <value>
                <![CDATA[1020]]>
              </value>
            </param>
            <param index="1">
              <value>
                <![CDATA[testuser2]]>
              </value>
            </param>
            <param index="2">
              <value>
                <![CDATA[smith]]>
              </value>
            </param>
            <param index="3">
              <value>
                <![CDATA[dzosa]]>
              </value>
            </param>
            <param index="4">
              <value>
                <![CDATA[smith.dzosa@gmail.com]]>
              </value>
            </param>
            <param index="5">
              <value>
                <![CDATA[John@125]]>
              </value>
            </param>
            <param index="6">
              <value>
                <![CDATA[4545343]]>
              </value>
            </param>
          </params>
          <reporter-output>
          </reporter-output>
        </test-method> <!-- testPostUser -->
        <test-method signature="testPostUser(java.lang.String,java.lang.String,java.lang.String,java.lang.String,java.lang.String,java.lang.String,java.lang.String)[pri:1, instance:api.test.DDTests@5ffead27]" started-at="2024-08-18T15:59:03 IST" name="testPostUser" data-provider="Data" finished-at="2024-08-18T15:59:05 IST" duration-ms="1453" status="PASS">
          <params>
            <param index="0">
              <value>
                <![CDATA[1030]]>
              </value>
            </param>
            <param index="1">
              <value>
                <![CDATA[testuser3]]>
              </value>
            </param>
            <param index="2">
              <value>
                <![CDATA[noe]]>
              </value>
            </param>
            <param index="3">
              <value>
                <![CDATA[kim]]>
              </value>
            </param>
            <param index="4">
              <value>
                <![CDATA[noe.kim@gmail.com]]>
              </value>
            </param>
            <param index="5">
              <value>
                <![CDATA[John@126]]>
              </value>
            </param>
            <param index="6">
              <value>
                <![CDATA[3435462]]>
              </value>
            </param>
          </params>
          <reporter-output>
          </reporter-output>
        </test-method> <!-- testPostUser -->
        <test-method signature="testPostUser(java.lang.String,java.lang.String,java.lang.String,java.lang.String,java.lang.String,java.lang.String,java.lang.String)[pri:1, instance:api.test.DDTests@5ffead27]" started-at="2024-08-18T15:59:05 IST" name="testPostUser" data-provider="Data" finished-at="2024-08-18T15:59:06 IST" duration-ms="1532" status="PASS">
          <params>
            <param index="0">
              <value>
                <![CDATA[1040]]>
              </value>
            </param>
            <param index="1">
              <value>
                <![CDATA[testuser4]]>
              </value>
            </param>
            <param index="2">
              <value>
                <![CDATA[ram]]>
              </value>
            </param>
            <param index="3">
              <value>
                <![CDATA[bin]]>
              </value>
            </param>
            <param index="4">
              <value>
                <![CDATA[ram.bin@gmail.com]]>
              </value>
            </param>
            <param index="5">
              <value>
                <![CDATA[John@127]]>
              </value>
            </param>
            <param index="6">
              <value>
                <![CDATA[34634454]]>
              </value>
            </param>
          </params>
          <reporter-output>
          </reporter-output>
        </test-method> <!-- testPostUser -->
        <test-method signature="testPostUser(java.lang.String,java.lang.String,java.lang.String,java.lang.String,java.lang.String,java.lang.String,java.lang.String)[pri:1, instance:api.test.DDTests@5ffead27]" started-at="2024-08-18T15:59:06 IST" name="testPostUser" data-provider="Data" finished-at="2024-08-18T15:59:08 IST" duration-ms="1432" status="PASS">
          <params>
            <param index="0">
              <value>
                <![CDATA[1050]]>
              </value>
            </param>
            <param index="1">
              <value>
                <![CDATA[testuser5]]>
              </value>
            </param>
            <param index="2">
              <value>
                <![CDATA[carry]]>
              </value>
            </param>
            <param index="3">
              <value>
                <![CDATA[harry]]>
              </value>
            </param>
            <param index="4">
              <value>
                <![CDATA[carry.harry@gmail.com]]>
              </value>
            </param>
            <param index="5">
              <value>
                <![CDATA[John@128]]>
              </value>
            </param>
            <param index="6">
              <value>
                <![CDATA[43453345]]>
              </value>
            </param>
          </params>
          <reporter-output>
          </reporter-output>
        </test-method> <!-- testPostUser -->
        <test-method signature="testDeleteUserByName(java.lang.String)[pri:2, instance:api.test.DDTests@5ffead27]" started-at="2024-08-18T15:59:08 IST" name="testDeleteUserByName" data-provider="UserNames" finished-at="2024-08-18T15:59:09 IST" duration-ms="1393" status="PASS">
          <params>
            <param index="0">
              <value>
                <![CDATA[testuser1]]>
              </value>
            </param>
          </params>
          <reporter-output>
          </reporter-output>
        </test-method> <!-- testDeleteUserByName -->
        <test-method signature="testDeleteUserByName(java.lang.String)[pri:2, instance:api.test.DDTests@5ffead27]" started-at="2024-08-18T15:59:09 IST" name="testDeleteUserByName" data-provider="UserNames" finished-at="2024-08-18T15:59:11 IST" duration-ms="1535" status="PASS">
          <params>
            <param index="0">
              <value>
                <![CDATA[testuser2]]>
              </value>
            </param>
          </params>
          <reporter-output>
          </reporter-output>
        </test-method> <!-- testDeleteUserByName -->
        <test-method signature="testDeleteUserByName(java.lang.String)[pri:2, instance:api.test.DDTests@5ffead27]" started-at="2024-08-18T15:59:11 IST" name="testDeleteUserByName" data-provider="UserNames" finished-at="2024-08-18T15:59:12 IST" duration-ms="1536" status="PASS">
          <params>
            <param index="0">
              <value>
                <![CDATA[testuser3]]>
              </value>
            </param>
          </params>
          <reporter-output>
          </reporter-output>
        </test-method> <!-- testDeleteUserByName -->
        <test-method signature="testDeleteUserByName(java.lang.String)[pri:2, instance:api.test.DDTests@5ffead27]" started-at="2024-08-18T15:59:12 IST" name="testDeleteUserByName" data-provider="UserNames" finished-at="2024-08-18T15:59:14 IST" duration-ms="1535" status="PASS">
          <params>
            <param index="0">
              <value>
                <![CDATA[testuser4]]>
              </value>
            </param>
          </params>
          <reporter-output>
          </reporter-output>
        </test-method> <!-- testDeleteUserByName -->
        <test-method signature="testDeleteUserByName(java.lang.String)[pri:2, instance:api.test.DDTests@5ffead27]" started-at="2024-08-18T15:59:14 IST" name="testDeleteUserByName" data-provider="UserNames" finished-at="2024-08-18T15:59:16 IST" duration-ms="1533" status="PASS">
          <params>
            <param index="0">
              <value>
                <![CDATA[testuser5]]>
              </value>
            </param>
          </params>
          <reporter-output>
          </reporter-output>
        </test-method> <!-- testDeleteUserByName -->
      </class> <!-- api.test.DDTests -->
    </test> <!-- PetTest -->
  </suite> <!-- PetSuite -->
</testng-results>
