<?xml version="1.0" encoding="UTF-8"?>
<!-- Generated by org.testng.reporters.JUnitXMLReporter -->
<testsuite ignored="0" hostname="HP" failures="0" tests="14" name="PetTest" time="28.198" errors="0" timestamp="2024-08-18T15:59:16 IST">
  <testcase classname="api.test.UserTest" name="testCreateUser" time="3.172"/>
  <testcase classname="api.test.UserTest" name="testGetUser" time="1.319"/>
  <testcase classname="api.test.UserTest" name="testUpdateUser" time="2.881"/>
  <testcase classname="api.test.UserTest" name="testDeleteUser" time="1.308"/>
  <testcase classname="api.test.DDTests" name="testPostUser" time="1.335"/>
  <testcase classname="api.test.DDTests" name="testPostUser" time="1.514"/>
  <testcase classname="api.test.DDTests" name="testPostUser" time="1.453"/>
  <testcase classname="api.test.DDTests" name="testPostUser" time="1.532"/>
  <testcase classname="api.test.DDTests" name="testPostUser" time="1.432"/>
  <testcase classname="api.test.DDTests" name="testDeleteUserByName" time="1.393"/>
  <testcase classname="api.test.DDTests" name="testDeleteUserByName" time="1.535"/>
  <testcase classname="api.test.DDTests" name="testDeleteUserByName" time="1.536"/>
  <testcase classname="api.test.DDTests" name="testDeleteUserByName" time="1.535"/>
  <testcase classname="api.test.DDTests" name="testDeleteUserByName" time="1.533"/>
</testsuite> <!-- PetTest -->
