<?xml version="1.0" encoding="UTF-8"?>
<!-- Generated by org.testng.reporters.JUnitXMLReporter -->
<testsuite ignored="0" hostname="HP" failures="0" tests="14" name="PetTest" time="27.814" errors="0" timestamp="2024-08-18T12:24:34 IST">
  <testcase classname="api.test.UserTest" name="testCreateUser" time="3.026"/>
  <testcase classname="api.test.UserTest" name="testGetUser" time="1.52"/>
  <testcase classname="api.test.UserTest" name="testUpdateUser" time="2.861"/>
  <testcase classname="api.test.UserTest" name="testDeleteUser" time="1.42"/>
  <testcase classname="api.test.DDTests" name="testPostUser" time="1.529"/>
  <testcase classname="api.test.DDTests" name="testPostUser" time="1.532"/>
  <testcase classname="api.test.DDTests" name="testPostUser" time="1.33"/>
  <testcase classname="api.test.DDTests" name="testPostUser" time="1.44"/>
  <testcase classname="api.test.DDTests" name="testPostUser" time="1.43"/>
  <testcase classname="api.test.DDTests" name="testDeleteUserByName" time="1.452"/>
  <testcase classname="api.test.DDTests" name="testDeleteUserByName" time="1.228"/>
  <testcase classname="api.test.DDTests" name="testDeleteUserByName" time="1.528"/>
  <testcase classname="api.test.DDTests" name="testDeleteUserByName" time="1.536"/>
  <testcase classname="api.test.DDTests" name="testDeleteUserByName" time="1.429"/>
</testsuite> <!-- PetTest -->
